<?xml version="1.0" encoding="UTF-8"?>
<!-- Generated by org.testng.reporters.JUnitReportReporter -->
<testsuite hostname="DESKTOP-99NVH21" failures="0" tests="4" name="TestNG.Annotations1" time="0.027" errors="0" timestamp="2022-10-18T11:50:30 IST" skipped="1">
  <testcase classname="TestNG.Annotations1" name="InBox" time="0.020"/>
  <system-out/>
  <testcase classname="TestNG.Annotations1" name="applicationLaunch" time="0.004"/>
  <system-out/>
  <testcase classname="TestNG.Annotations1" name="composemail" time="0.003"/>
  <system-out/>
  <testcase classname="TestNG.Annotations1" name="drafts">
    <skipped/>
  </testcase> <!-- drafts -->
  <system-out/>
</testsuite> <!-- TestNG.Annotations1 -->
