<?xml version="1.0" encoding="UTF-8"?>
<!-- Generated by org.testng.reporters.JUnitReportReporter -->
<testsuite hostname="DESKTOP-99NVH21" failures="0" tests="2" name="Dynamicwebtable.RowsAndCellsMayChange" time="46.744" errors="0" timestamp="2022-10-20T17:03:19 IST" skipped="0">
  <testcase classname="Dynamicwebtable.RowsAndCellsMayChange" name="CapturingDynamicWebTableData" time="12.288"/>
  <system-out/>
  <testcase classname="Dynamicwebtable.RowsAndCellsMayChange" name="ApplicationLaunch" time="34.456"/>
  <system-out/>
</testsuite> <!-- Dynamicwebtable.RowsAndCellsMayChange -->
