<?xml version="1.0" encoding="UTF-8"?>
<!-- Generated by org.testng.reporters.JUnitReportReporter -->
<testsuite hostname="DESKTOP-99NVH21" failures="0" tests="1" name="Cookies.FaceBookApplication" time="4.989" errors="0" timestamp="2022-10-21T14:10:43 IST" skipped="0">
  <testcase classname="Cookies.FaceBookApplication" name="handlingcookies" time="4.989"/>
  <system-out/>
</testsuite> <!-- Cookies.FaceBookApplication -->
