<?xml version="1.0" encoding="UTF-8"?>
<!-- Generated by org.testng.reporters.JUnitReportReporter -->
<testsuite hostname="DESKTOP-99NVH21" failures="0" tests="1" name="WebTable.CapturingFirstRowOfFirstCellData3" time="13.820" errors="0" timestamp="2022-10-19T12:36:25 IST" skipped="0">
  <testcase classname="WebTable.CapturingFirstRowOfFirstCellData3" name="CapturingFirstRowOfFirstCellData" time="13.820"/>
  <system-out/>
</testsuite> <!-- WebTable.CapturingFirstRowOfFirstCellData3 -->
