<?xml version="1.0" encoding="UTF-8"?>
<!-- Generated by org.testng.reporters.JUnitReportReporter -->
<testsuite hostname="DESKTOP-99NVH21" failures="0" tests="1" name="WebTable.CapturingFirstRowOfFirstCellData1" time="20.729" errors="0" timestamp="2022-10-19T11:27:50 IST" skipped="0">
  <testcase classname="WebTable.CapturingFirstRowOfFirstCellData1" name="CapturingFirstRowOfFirstCellData1" time="20.729"/>
  <system-out/>
</testsuite> <!-- WebTable.CapturingFirstRowOfFirstCellData1 -->
