<?xml version="1.0" encoding="UTF-8"?>
<!-- Generated by org.testng.reporters.JUnitReportReporter -->
<testsuite hostname="DESKTOP-99NVH21" failures="0" tests="1" name="WebTable.CapturingFirstRowOfFirstCellData2" time="1.807" errors="0" timestamp="2022-10-19T11:54:58 IST" skipped="0">
  <testcase classname="WebTable.CapturingFirstRowOfFirstCellData2" name="CapturingFirstRowOfFirstCellData" time="1.807"/>
  <system-out/>
</testsuite> <!-- WebTable.CapturingFirstRowOfFirstCellData2 -->
