<?xml version="1.0" encoding="UTF-8"?>
<!-- Generated by org.testng.reporters.JUnitReportReporter -->
<testsuite hostname="DESKTOP-99NVH21" failures="0" tests="3" name="TestNG.Annotations2" time="0.024" errors="0" timestamp="2022-10-18T11:56:44 IST" skipped="1">
  <testcase classname="TestNG.Annotations2" name="InBox" time="0.017"/>
  <system-out/>
  <testcase classname="TestNG.Annotations2" name="Composemail" time="0.007"/>
  <system-out/>
  <testcase classname="TestNG.Annotations2" name="drafts">
    <skipped/>
  </testcase> <!-- drafts -->
  <system-out/>
</testsuite> <!-- TestNG.Annotations2 -->
