<?xml version="1.0" encoding="UTF-8"?>
<!-- Generated by org.testng.reporters.JUnitReportReporter -->
<testsuite hostname="DESKTOP-99NVH21" failures="0" tests="3" name="TestNG.Annotations3" time="0.042" errors="0" timestamp="2022-10-19T10:58:15 IST" skipped="1">
  <testcase classname="TestNG.Annotations3" name="InBox" time="0.034"/>
  <system-out/>
  <testcase classname="TestNG.Annotations3" name="Composemail" time="0.008"/>
  <system-out/>
  <testcase classname="TestNG.Annotations3" name="drafts">
    <skipped/>
  </testcase> <!-- drafts -->
  <system-out/>
</testsuite> <!-- TestNG.Annotations3 -->
