<?xml version="1.0" encoding="UTF-8"?>
<!-- Generated by org.testng.reporters.JUnitReportReporter -->
<testsuite hostname="DESKTOP-99NVH21" failures="0" tests="1" name="KeyBoardOperations.Youtube_search" time="3.119" errors="0" timestamp="2022-10-22T15:44:15 IST" skipped="0">
  <testcase classname="KeyBoardOperations.Youtube_search" name="search" time="3.119"/>
  <system-out/>
</testsuite> <!-- KeyBoardOperations.Youtube_search -->
