<?xml version="1.0" encoding="UTF-8"?>
<!-- Generated by org.testng.reporters.JUnitReportReporter -->
<testsuite hostname="DESKTOP-99NVH21" failures="0" tests="1" name="Dynamicwebtable.Applicationalaunch" time="18.003" errors="0" timestamp="2022-10-20T11:49:03 IST" skipped="0">
  <testcase classname="Dynamicwebtable.Applicationalaunch" name="ApplicationLaunch" time="18.003"/>
  <system-out/>
</testsuite> <!-- Dynamicwebtable.Applicationalaunch -->
